<?xml version="1.0" encoding="UTF-8"?>
<!-- Generated by org.testng.reporters.JUnitReportReporter -->
<testsuite hostname="LAPTOP-7HICQECT" failures="0" tests="1" name="tests.UserRegistrationTestWithDDTAndJSON" time="12.009" errors="0" timestamp="2021-07-25T16:49:00 WAT" skipped="0">
  <testcase classname="tests.UserRegistrationTestWithDDTAndJSON" name="UserCanRegisterSuccssfully" time="12.009"/>
  <system-out/>
</testsuite> <!-- tests.UserRegistrationTestWithDDTAndJSON -->
