<?xml version="1.0" encoding="UTF-8"?>
<!-- Generated by org.testng.reporters.JUnitReportReporter -->
<testsuite hostname="LAPTOP-7HICQECT" failures="0" tests="5" name="tests.RegisteredUserCheckoutProduct" time="29.699" errors="0" timestamp="2021-07-29T20:59:46 WAT" skipped="0">
  <testcase classname="tests.RegisteredUserCheckoutProduct" name="UserCanRegisterSuccssfully" time="3.660"/>
  <system-out/>
  <testcase classname="tests.RegisteredUserCheckoutProduct" name="UserCanSearchWithAutoSuggest" time="5.898"/>
  <system-out/>
  <testcase classname="tests.RegisteredUserCheckoutProduct" name="UserCanAddProductToShoppingCart" time="1.996"/>
  <system-out/>
  <testcase classname="tests.RegisteredUserCheckoutProduct" name="UserCanCheckoutProduct" time="16.192"/>
  <system-out/>
  <testcase classname="tests.RegisteredUserCheckoutProduct" name="RegisteredUserCanLogout" time="1.953"/>
  <system-out/>
</testsuite> <!-- tests.RegisteredUserCheckoutProduct -->
