<?xml version="1.0" encoding="UTF-8"?>
<!-- Generated by org.testng.reporters.JUnitReportReporter -->
<testsuite hostname="LAPTOP-7HICQECT" failures="0" tests="2" name="tests.AddProductToCompareTest" time="18.783" errors="0" timestamp="2021-07-29T16:52:31 WAT" skipped="0">
  <testcase classname="tests.AddProductToCompareTest" name="UserCanCompareProducts" time="17.288"/>
  <system-out/>
  <testcase classname="tests.AddProductToCompareTest" name="UserCanClearCompareList" time="1.495"/>
  <system-out/>
</testsuite> <!-- tests.AddProductToCompareTest -->
