<?xml version="1.0" encoding="UTF-8"?>
<!-- Generated by org.testng.reporters.JUnitReportReporter -->
<testsuite hostname="LAPTOP-7HICQECT" failures="0" tests="3" name="tests.AddProductToShoppingCartTest" time="16.500" errors="0" timestamp="2021-07-15T15:19:23 WAT" skipped="0">
  <testcase classname="tests.AddProductToShoppingCartTest" name="UserCanSearchForProductsWithAutoSuggest" time="10.443"/>
  <system-out/>
  <testcase classname="tests.AddProductToShoppingCartTest" name="UserCanAddProductToShoppingCart" time="3.727"/>
  <system-out/>
  <testcase classname="tests.AddProductToShoppingCartTest" name="UserCanRemoveProductFromCart" time="2.330"/>
  <system-out/>
</testsuite> <!-- tests.AddProductToShoppingCartTest -->
