<?xml version="1.0" encoding="UTF-8"?>
<!-- Generated by org.testng.reporters.JUnitReportReporter -->
<testsuite hostname="LAPTOP-7HICQECT" failures="0" tests="4" name="tests.EmailFrindTest" time="12.653" errors="0" timestamp="2021-07-13T13:17:05 WAT" skipped="0">
  <testcase classname="tests.EmailFrindTest" name="UserCanRegisterSuccssfully" time="2.710"/>
  <system-out/>
  <testcase classname="tests.EmailFrindTest" name="UserCanSearchWithAutoSuggest" time="5.988"/>
  <system-out/>
  <testcase classname="tests.EmailFrindTest" name="RegistereUserCanSendProductToFriend" time="2.415"/>
  <system-out/>
  <testcase classname="tests.EmailFrindTest" name="RegisteredUserCanLogout" time="1.540"/>
  <system-out/>
</testsuite> <!-- tests.EmailFrindTest -->
