<?xml version="1.0" encoding="UTF-8"?>
<!-- Generated by org.testng.reporters.JUnitReportReporter -->
<testsuite hostname="LAPTOP-7HICQECT" failures="0" tests="3" name="tests.UserRegistrationWithDDTAndPropertiesFile" time="8.921" errors="0" timestamp="2021-07-24T13:07:40 WAT" skipped="0">
  <testcase classname="tests.UserRegistrationWithDDTAndPropertiesFile" name="RegisteredUserCanLogout" time="1.671"/>
  <system-out/>
  <testcase classname="tests.UserRegistrationWithDDTAndPropertiesFile" name="RegisteredUserCanLogin" time="3.462"/>
  <system-out/>
  <testcase classname="tests.UserRegistrationWithDDTAndPropertiesFile" name="UserCanRegisterSuccssfully" time="3.788"/>
  <system-out/>
</testsuite> <!-- tests.UserRegistrationWithDDTAndPropertiesFile -->
