<?xml version="1.0" encoding="UTF-8"?>
<!-- Generated by org.testng.reporters.JUnitReportReporter -->
<testsuite hostname="LAPTOP-7HICQECT" failures="0" tests="3" name="tests.UserRegistrationTest" time="10.253" errors="0" timestamp="2021-07-24T10:42:57 WAT" skipped="0">
  <testcase classname="tests.UserRegistrationTest" name="RegisteredUserCanLogout" time="1.710"/>
  <system-out/>
  <testcase classname="tests.UserRegistrationTest" name="RegisteredUserCanLogin" time="3.654"/>
  <system-out/>
  <testcase classname="tests.UserRegistrationTest" name="UserCanRegisterSuccssfully" time="4.889"/>
  <system-out/>
</testsuite> <!-- tests.UserRegistrationTest -->
