<?xml version="1.0" encoding="UTF-8"?>
<!-- Generated by org.testng.reporters.JUnitReportReporter -->
<testsuite hostname="LAPTOP-7HICQECT" failures="0" tests="1" name="tests.UserRegistrationTestWithDDTAndExcel" time="0.000" errors="0" timestamp="2021-07-27T17:20:55 WAT" skipped="1">
  <testcase classname="tests.UserRegistrationTestWithDDTAndExcel" name="UserCanRegisterSuccssfully" time="0.000">
    <skipped/>
  </testcase> <!-- UserCanRegisterSuccssfully -->
  <system-out/>
</testsuite> <!-- tests.UserRegistrationTestWithDDTAndExcel -->
