<?xml version="1.0" encoding="UTF-8"?>
<!-- Generated by org.testng.reporters.JUnitReportReporter -->
<testsuite hostname="LAPTOP-7HICQECT" failures="0" tests="4" name="tests.MyAccountTest" time="17.176" errors="0" timestamp="2021-07-12T17:26:32 WAT" skipped="0">
  <testcase classname="tests.MyAccountTest" name="RegisteredUserCanLogin" time="3.376"/>
  <system-out/>
  <testcase classname="tests.MyAccountTest" name="RegisteredUserCanLogout" time="2.120"/>
  <system-out/>
  <testcase classname="tests.MyAccountTest" name="RegisteredUserCanChangePassword" time="7.515"/>
  <system-out/>
  <testcase classname="tests.MyAccountTest" name="UserCanRegisterSuccssfully" time="4.165"/>
  <system-out/>
</testsuite> <!-- tests.MyAccountTest -->
