<?xml version="1.0" encoding="UTF-8"?>
<!-- Generated by org.testng.reporters.JUnitReportReporter -->
<testsuite hostname="LAPTOP-7HICQECT" failures="0" tests="4" name="tests.GuestCheckoutProductFromCart" time="26.063" errors="0" timestamp="2021-07-17T14:46:53 WAT" skipped="0">
  <testcase classname="tests.GuestCheckoutProductFromCart" name="UserCanSearchWithAutoSuggest" time="5.463"/>
  <system-out/>
  <testcase classname="tests.GuestCheckoutProductFromCart" name="UserCanAddProductToShoppingCart" time="1.907"/>
  <system-out/>
  <testcase classname="tests.GuestCheckoutProductFromCart" name="UserCanCheckoutProduct" time="11.210"/>
  <system-out/>
  <testcase classname="tests.GuestCheckoutProductFromCart" name="UserCanViewOrderDetails" time="7.483"/>
  <system-out/>
</testsuite> <!-- tests.GuestCheckoutProductFromCart -->
