<?xml version="1.0" encoding="UTF-8"?>
<!-- Generated by org.testng.reporters.JUnitReportReporter -->
<testsuite hostname="LAPTOP-7HICQECT" failures="0" tests="1" name="tests.SearchProductTest" time="10.232" errors="0" timestamp="2021-07-27T17:16:01 WAT" skipped="0">
  <testcase classname="tests.SearchProductTest" name="UserCanSearchForProducts" time="10.232"/>
  <system-out/>
</testsuite> <!-- tests.SearchProductTest -->
