<?xml version="1.0" encoding="UTF-8"?>
<!-- Generated by org.testng.reporters.JUnitReportReporter -->
<testsuite hostname="LAPTOP-7HICQECT" failures="0" tests="1" name="tests.SearchProductUsingAutoSuggest" time="6.267" errors="0" timestamp="2021-07-12T21:44:16 WAT" skipped="0">
  <testcase classname="tests.SearchProductUsingAutoSuggest" name="UserCanSearchWithAutoSuggest" time="6.267"/>
  <system-out/>
</testsuite> <!-- tests.SearchProductUsingAutoSuggest -->
