<?xml version="1.0" encoding="UTF-8"?>
<!-- Generated by org.testng.reporters.JUnitReportReporter -->
<testsuite hostname="LAPTOP-7HICQECT" failures="0" tests="1" name="tests.ContactUsTest" time="2.205" errors="0" timestamp="2021-07-13T11:58:26 WAT" skipped="0">
  <testcase classname="tests.ContactUsTest" name="UserCanUseContactUs" time="2.205"/>
  <system-out/>
</testsuite> <!-- tests.ContactUsTest -->
