<?xml version="1.0" encoding="UTF-8"?>
<!-- Generated by org.testng.reporters.JUnitReportReporter -->
<testsuite hostname="LAPTOP-7HICQECT" failures="0" tests="3" name="tests.UserRegistrationTestWithJavaFaker" time="9.792" errors="0" timestamp="2021-07-27T17:19:05 WAT" skipped="0">
  <testcase classname="tests.UserRegistrationTestWithJavaFaker" name="RegisteredUserCanLogout" time="2.003"/>
  <system-out/>
  <testcase classname="tests.UserRegistrationTestWithJavaFaker" name="RegisteredUserCanLogin" time="4.492"/>
  <system-out/>
  <testcase classname="tests.UserRegistrationTestWithJavaFaker" name="UserCanRegisterSuccssfully" time="3.297"/>
  <system-out/>
</testsuite> <!-- tests.UserRegistrationTestWithJavaFaker -->
