<?xml version="1.0" encoding="UTF-8"?>
<!-- Generated by org.testng.reporters.JUnitReportReporter -->
<testsuite hostname="LAPTOP-7HICQECT" failures="0" tests="2" name="tests.ChangeCurrencyTest" time="7.383" errors="0" timestamp="2021-07-13T17:01:04 WAT" skipped="0">
  <testcase classname="tests.ChangeCurrencyTest" name="UserCanChangeCurrency" time="2.297"/>
  <system-out/>
  <testcase classname="tests.ChangeCurrencyTest" name="UserCanSearchWithAutoSuggest" time="5.086"/>
  <system-out/>
</testsuite> <!-- tests.ChangeCurrencyTest -->
