<?xml version="1.0" encoding="UTF-8"?>
<!-- Generated by org.testng.reporters.JUnitReportReporter -->
<testsuite hostname="LAPTOP-7HICQECT" failures="0" tests="3" name="tests.UserRegistrationWithDDTAndDataProvider" time="20.316" errors="0" timestamp="2021-07-27T17:20:32 WAT" skipped="1">
  <testcase classname="tests.UserRegistrationWithDDTAndDataProvider" name="UserCanRegisterSuccssfully" time="10.952"/>
  <system-out/>
  <testcase classname="tests.UserRegistrationWithDDTAndDataProvider" name="UserCanRegisterSuccssfully" time="9.364"/>
  <system-out/>
  <testcase classname="tests.UserRegistrationWithDDTAndDataProvider" name="RegisteredUserCanLogin">
    <skipped/>
  </testcase> <!-- RegisteredUserCanLogin -->
  <system-out/>
</testsuite> <!-- tests.UserRegistrationWithDDTAndDataProvider -->
